<?xml version="1.0" encoding="UTF-8"?>
<testng-results ignored="0" total="2" passed="2" failed="0" skipped="0">
  <reporter-output>
  </reporter-output>
  <suite started-at="2020-12-28T15:56:29 IST" name="Suite" finished-at="2020-12-28T15:59:02 IST" duration-ms="152625">
    <groups>
    </groups>
    <test started-at="2020-12-28T15:56:29 IST" name="Test" finished-at="2020-12-28T15:59:02 IST" duration-ms="152625">
      <class name="pom.Testcase2">
        <test-method is-config="true" signature="openapp()[pri:0, instance:pom.Testcase2@343570b7]" started-at="2020-12-28T15:57:26 IST" name="openapp" finished-at="2020-12-28T15:58:34 IST" duration-ms="68542" status="PASS">
          <reporter-output>
          </reporter-output>
        </test-method> <!-- openapp -->
        <test-method signature="testcase2()[pri:0, instance:pom.Testcase2@343570b7]" started-at="2020-12-28T15:58:34 IST" name="testcase2" finished-at="2020-12-28T15:59:02 IST" duration-ms="27506" status="PASS">
          <reporter-output>
          </reporter-output>
        </test-method> <!-- testcase2 -->
        <test-method is-config="true" signature="closeapp()[pri:0, instance:pom.Testcase2@343570b7]" started-at="2020-12-28T15:59:02 IST" name="closeapp" finished-at="2020-12-28T15:59:02 IST" duration-ms="436" status="PASS">
          <reporter-output>
          </reporter-output>
        </test-method> <!-- closeapp -->
      </class> <!-- pom.Testcase2 -->
      <class name="pom.Testcase1">
        <test-method is-config="true" signature="openapp()[pri:0, instance:pom.Testcase1@3943a2be]" started-at="2020-12-28T15:56:30 IST" name="openapp" finished-at="2020-12-28T15:57:09 IST" duration-ms="39618" status="PASS">
          <reporter-output>
          </reporter-output>
        </test-method> <!-- openapp -->
        <test-method signature="testcase1()[pri:0, instance:pom.Testcase1@3943a2be]" started-at="2020-12-28T15:57:09 IST" name="testcase1" finished-at="2020-12-28T15:57:25 IST" duration-ms="15889" status="PASS">
          <reporter-output>
          </reporter-output>
        </test-method> <!-- testcase1 -->
        <test-method is-config="true" signature="closeapp()[pri:0, instance:pom.Testcase1@3943a2be]" started-at="2020-12-28T15:57:25 IST" name="closeapp" finished-at="2020-12-28T15:57:26 IST" duration-ms="524" status="PASS">
          <reporter-output>
          </reporter-output>
        </test-method> <!-- closeapp -->
      </class> <!-- pom.Testcase1 -->
    </test> <!-- Test -->
  </suite> <!-- Suite -->
</testng-results>
